# JRE version: Java(TM) SE Runtime Environment (8.0_161-b12) (build 1.8.0_161-b12)
# Java VM: Java HotSpot(TM) 64-Bit Server VM (25.161-b12 mixed mode windows-amd64 compressed oops)
Heap:
 PSYoungGen      total 106496K, used 95814K [0x0000000780780000, 0x0000000787780000, 0x00000007c0000000)
  eden space 98304K, 97% used [0x0000000780780000,0x0000000786511870,0x0000000786780000)
  from space 8192K, 0% used [0x0000000786780000,0x0000000786780000,0x0000000786f80000)
  to   space 8192K, 0% used [0x0000000786f80000,0x0000000786f80000,0x0000000787780000)
 ParOldGen       total 76288K, used 9944K [0x0000000701600000, 0x0000000706080000, 0x0000000780780000)
  object space 76288K, 13% used [0x0000000701600000,0x0000000701fb6248,0x0000000706080000)
 Metaspace       used 25047K, capacity 26000K, committed 26240K, reserved 1073152K
  class space    used 3367K, capacity 3592K, committed 3712K, reserved 1048576K
GC Heap History (8 events):
Event: 3.484 GC heap before
{Heap before GC invocations=1 (full 0):
 PSYoungGen      total 57344K, used 49152K [0x0000000780780000, 0x0000000784780000, 0x00000007c0000000)
  eden space 49152K, 100% used [0x0000000780780000,0x0000000783780000,0x0000000783780000)
  from space 8192K, 0% used [0x0000000783f80000,0x0000000783f80000,0x0000000784780000)
  to   space 8192K, 0% used [0x0000000783780000,0x0000000783780000,0x0000000783f80000)
 ParOldGen       total 131072K, used 0K [0x0000000701600000, 0x0000000709600000, 0x0000000780780000)
  object space 131072K, 0% used [0x0000000701600000,0x0000000701600000,0x0000000709600000)
 Metaspace       used 11289K, capacity 11568K, committed 11776K, reserved 1058816K
  class space    used 1377K, capacity 1448K, committed 1536K, reserved 1048576K
Event: 3.532 GC heap after
Heap after GC invocations=1 (full 0):
 PSYoungGen      total 57344K, used 5320K [0x0000000780780000, 0x0000000787780000, 0x00000007c0000000)
  eden space 49152K, 0% used [0x0000000780780000,0x0000000780780000,0x0000000783780000)
  from space 8192K, 64% used [0x0000000783780000,0x0000000783cb23e8,0x0000000783f80000)
  to   space 8192K, 0% used [0x0000000786f80000,0x0000000786f80000,0x0000000787780000)
 ParOldGen       total 131072K, used 16K [0x0000000701600000, 0x0000000709600000, 0x0000000780780000)
  object space 131072K, 0% used [0x0000000701600000,0x0000000701604000,0x0000000709600000)
 Metaspace       used 11289K, capacity 11568K, committed 11776K, reserved 1058816K
  class space    used 1377K, capacity 1448K, committed 1536K, reserved 1048576K
}
Event: 4.339 GC heap before
{Heap before GC invocations=2 (full 0):
 PSYoungGen      total 57344K, used 54472K [0x0000000780780000, 0x0000000787780000, 0x00000007c0000000)
  eden space 49152K, 100% used [0x0000000780780000,0x0000000783780000,0x0000000783780000)
  from space 8192K, 64% used [0x0000000783780000,0x0000000783cb23e8,0x0000000783f80000)
  to   space 8192K, 0% used [0x0000000786f80000,0x0000000786f80000,0x0000000787780000)
 ParOldGen       total 131072K, used 16K [0x0000000701600000, 0x0000000709600000, 0x0000000780780000)
  object space 131072K, 0% used [0x0000000701600000,0x0000000701604000,0x0000000709600000)
 Metaspace       used 14720K, capacity 15106K, committed 15360K, reserved 1062912K
  class space    used 1918K, capacity 2039K, committed 2048K, reserved 1048576K
Event: 4.347 GC heap after
Heap after GC invocations=2 (full 0):
 PSYoungGen      total 106496K, used 7077K [0x0000000780780000, 0x0000000787780000, 0x00000007c0000000)
  eden space 98304K, 0% used [0x0000000780780000,0x0000000780780000,0x0000000786780000)
  from space 8192K, 86% used [0x0000000786f80000,0x00000007876696d0,0x0000000787780000)
  to   space 8192K, 0% used [0x0000000786780000,0x0000000786780000,0x0000000786f80000)
 ParOldGen       total 131072K, used 24K [0x0000000701600000, 0x0000000709600000, 0x0000000780780000)
  object space 131072K, 0% used [0x0000000701600000,0x0000000701606000,0x0000000709600000)
 Metaspace       used 14720K, capacity 15106K, committed 15360K, reserved 1062912K
  class space    used 1918K, capacity 2039K, committed 2048K, reserved 1048576K
}
Event: 8.290 GC heap before
{Heap before GC invocations=3 (full 0):
 PSYoungGen      total 106496K, used 98044K [0x0000000780780000, 0x0000000787780000, 0x00000007c0000000)
  eden space 98304K, 92% used [0x0000000780780000,0x0000000786055c48,0x0000000786780000)
  from space 8192K, 86% used [0x0000000786f80000,0x00000007876696d0,0x0000000787780000)
  to   space 8192K, 0% used [0x0000000786780000,0x0000000786780000,0x0000000786f80000)
 ParOldGen       total 131072K, used 24K [0x0000000701600000, 0x0000000709600000, 0x0000000780780000)
  object space 131072K, 0% used [0x0000000701600000,0x0000000701606000,0x0000000709600000)
 Metaspace       used 20588K, capacity 21254K, committed 21296K, reserved 1067008K
  class space    used 2745K, capacity 2923K, committed 2944K, reserved 1048576K
Event: 8.300 GC heap after
Heap after GC invocations=3 (full 0):
 PSYoungGen      total 106496K, used 8174K [0x0000000780780000, 0x0000000787780000, 0x00000007c0000000)
  eden space 98304K, 0% used [0x0000000780780000,0x0000000780780000,0x0000000786780000)
  from space 8192K, 99% used [0x0000000786780000,0x0000000786f7bb70,0x0000000786f80000)
  to   space 8192K, 0% used [0x0000000786f80000,0x0000000786f80000,0x0000000787780000)
 ParOldGen       total 131072K, used 2220K [0x0000000701600000, 0x0000000709600000, 0x0000000780780000)
  object space 131072K, 1% used [0x0000000701600000,0x000000070182b0b8,0x0000000709600000)
 Metaspace       used 20588K, capacity 21254K, committed 21296K, reserved 1067008K
  class space    used 2745K, capacity 2923K, committed 2944K, reserved 1048576K
}
Event: 8.300 GC heap before
{Heap before GC invocations=4 (full 1):
 PSYoungGen      total 106496K, used 8174K [0x0000000780780000, 0x0000000787780000, 0x00000007c0000000)
  eden space 98304K, 0% used [0x0000000780780000,0x0000000780780000,0x0000000786780000)
  from space 8192K, 99% used [0x0000000786780000,0x0000000786f7bb70,0x0000000786f80000)
  to   space 8192K, 0% used [0x0000000786f80000,0x0000000786f80000,0x0000000787780000)
 ParOldGen       total 131072K, used 2220K [0x0000000701600000, 0x0000000709600000, 0x0000000780780000)
  object space 131072K, 1% used [0x0000000701600000,0x000000070182b0b8,0x0000000709600000)
 Metaspace       used 20588K, capacity 21254K, committed 21296K, reserved 1067008K
  class space    used 2745K, capacity 2923K, committed 2944K, reserved 1048576K
Event: 8.331 GC heap after
Heap after GC invocations=4 (full 1):
 PSYoungGen      total 106496K, used 0K [0x0000000780780000, 0x0000000787780000, 0x00000007c0000000)
  eden space 98304K, 0% used [0x0000000780780000,0x0000000780780000,0x0000000786780000)
  from space 8192K, 0% used [0x0000000786780000,0x0000000786780000,0x0000000786f80000)
  to   space 8192K, 0% used [0x0000000786f80000,0x0000000786f80000,0x0000000787780000)
 ParOldGen       total 76288K, used 9944K [0x0000000701600000, 0x0000000706080000, 0x0000000780780000)
  object space 76288K, 13% used [0x0000000701600000,0x0000000701fb6248,0x0000000706080000)
 Metaspace       used 20586K, capacity 21248K, committed 21296K, reserved 1067008K
  class space    used 2744K, capacity 2922K, committed 2944K, reserved 1048576K
}

